CS252: lab5. jinn Mon Jun 13 13:55:38 EDT 2016  Total:  5 of 100

CS252: lab5. jinn Wed Jun 15 11:57:24 EDT 2016  Total:  5 of 100

CS252: lab5. jinn Wed Jun 15 14:20:29 EDT 2016  Total:  35 of 100

CS252: lab5. jinn Wed Jun 15 14:24:29 EDT 2016  Total:  35 of 100

CS252: lab5. jinn Thu Jun 16 05:26:11 EDT 2016  Total:  35 of 100

CS252: lab5. jinn Thu Jun 16 05:47:00 EDT 2016  Total:  35 of 100

CS252: lab5. jinn Thu Jun 16 06:10:49 EDT 2016  Total:  5 of 100

CS252: lab5. jinn Thu Jun 16 06:15:26 EDT 2016  Total:  35 of 100

CS252: lab5. jinn Thu Jun 16 06:33:24 EDT 2016  Total:  35 of 100

CS252: lab5. jinn Thu Jun 16 06:34:03 EDT 2016  Total:  35 of 100

CS252: lab5. jinn Thu Jun 16 06:45:46 EDT 2016  Total:  35 of 100

CS252: lab5. jinn Thu Jun 16 06:52:15 EDT 2016  Total:  35 of 100

CS252: lab5. jinn Thu Jun 16 07:13:09 EDT 2016  Total:  60 of 100

CS252: lab5. jinn Thu Jun 16 08:16:09 EDT 2016  Total:  60 of 100

CS252: lab5. jinn Thu Jun 16 08:24:20 EDT 2016  Total:  60 of 100

CS252: lab5. jinn Thu Jun 16 09:03:05 EDT 2016  Total:  35 of 100

CS252: lab5. jinn Thu Jun 16 09:24:03 EDT 2016  Total:  5 of 100

CS252: lab5. jinn Thu Jun 16 09:33:30 EDT 2016  Total:  60 of 100

CS252: lab5. jinn Thu Jun 16 09:47:07 EDT 2016  Total:  60 of 100

CS252: lab5. jinn Thu Jun 16 09:53:36 EDT 2016  Total:  80 of 100

CS252: lab5. jinn Thu Jun 16 10:11:40 EDT 2016  Total:  80 of 100

CS252: lab5. jinn Thu Jun 16 10:49:39 EDT 2016  Total:  80 of 100

CS252: lab5. jinn Fri Jun 17 11:51:38 EDT 2016  Total:  90 of 100

CS252: lab5. jinn Fri Jun 17 12:16:49 EDT 2016  Total:  90 of 100

CS252: lab5. jinn Sat Jun 18 04:08:48 EDT 2016  Total:  100 of 100

CS252: lab5. jinn Sat Jun 18 12:14:31 EDT 2016  Total:  100 of 100

CS252: lab5. jinn Mon Jun 20 13:52:06 EDT 2016  Total:  100 of 100

